PS C:\Users\gojir\Documents\GitHub\ITM352_S26_repo\Assignment3> py -m pytest test_quiz_webapp.py -v
===================================================================== test session starts =====================================================================
platform win32 -- Python 3.14.2, pytest-9.0.3, pluggy-1.6.0 -- C:\Users\gojir\AppData\Local\Python\pythoncore-3.14-64\python.exe
cachedir: .pytest_cache
rootdir: C:\Users\gojir\Documents\GitHub\ITM352_S26_repo\Assignment3
collected 55 items                                                                                                                                             

test_quiz_webapp.py::TestUserInterface::test_home_page_renders_html PASSED                                                                               [  1%]
test_quiz_webapp.py::TestUserInterface::test_quiz_page_renders_form PASSED                                                                               [  3%]
test_quiz_webapp.py::TestUserInterface::test_feedback_page_renders_after_answer PASSED                                                                   [  5%]
test_quiz_webapp.py::TestUserInterface::test_results_page_renders PASSED                                                                                 [  7%]
test_quiz_webapp.py::TestQuestionDisplay::test_questions_loaded_into_session PASSED                                                                      [  9%]
test_quiz_webapp.py::TestQuestionDisplay::test_question_text_visible_on_quiz_page PASSED                                                                 [ 10%]
test_quiz_webapp.py::TestQuestionDisplay::test_all_answer_options_visible PASSED                                                                         [ 12%]
test_quiz_webapp.py::TestQuestionDisplay::test_question_order_is_randomized PASSED                                                                       [ 14%]
test_quiz_webapp.py::TestQuestionDisplay::test_answer_option_order_is_randomized PASSED                                                                  [ 16%]
test_quiz_webapp.py::TestAnswerFeedback::test_correct_answer_shows_positive_feedback PASSED                                                              [ 18%]
test_quiz_webapp.py::TestAnswerFeedback::test_incorrect_answer_shows_negative_feedback PASSED                                                            [ 20%]
test_quiz_webapp.py::TestAnswerFeedback::test_explanation_displayed_after_answer PASSED                                                                  [ 21%]
test_quiz_webapp.py::TestAnswerFeedback::test_score_increments_for_correct_answer PASSED                                                                 [ 23%]
test_quiz_webapp.py::TestAnswerFeedback::test_score_unchanged_for_wrong_answer PASSED                                                                    [ 25%]
test_quiz_webapp.py::TestDataManagement::test_each_question_has_required_fields PASSED                                                                   [ 27%]
test_quiz_webapp.py::TestDataManagement::test_score_saved_after_completing_quiz PASSED                                                                   [ 29%]
test_quiz_webapp.py::TestDataManagement::test_score_entry_has_score_total_and_date PASSED                                                                [ 30%]
test_quiz_webapp.py::TestDataManagement::test_multiple_game_scores_all_saved PASSED                                                                      [ 32%]
test_quiz_webapp.py::TestBackendRoutes::test_home_route_returns_200 PASSED                                                                               [ 34%]
test_quiz_webapp.py::TestBackendRoutes::test_start_route_redirects_to_quiz PASSED                                                                        [ 36%]
test_quiz_webapp.py::TestBackendRoutes::test_quiz_get_returns_200 PASSED                                                                                 [ 38%]
test_quiz_webapp.py::TestBackendRoutes::test_quiz_post_processes_answer PASSED                                                                           [ 40%]
test_quiz_webapp.py::TestBackendRoutes::test_result_route_returns_200_after_quiz PASSED                                                                  [ 41%]
test_quiz_webapp.py::TestBackendRoutes::test_logout_route_clears_session PASSED                                                                          [ 43%]
test_quiz_webapp.py::TestBackendRoutes::test_quiz_without_session_redirects_home PASSED                                                                  [ 45%]
test_quiz_webapp.py::TestBackendRoutes::test_result_without_session_redirects_home PASSED                                                                [ 47%]
test_quiz_webapp.py::TestScoreTrackingFeedback::test_final_score_displayed_on_results_page PASSED                                                        [ 49%]
test_quiz_webapp.py::TestScoreTrackingFeedback::test_correct_count_shown_on_results PASSED                                                               [ 50%]
test_quiz_webapp.py::TestScoreTrackingFeedback::test_incorrect_count_shown_on_results PASSED                                                             [ 52%]
test_quiz_webapp.py::TestScoreTrackingFeedback::test_time_taken_shown_on_results PASSED                                                                  [ 54%]
test_quiz_webapp.py::TestScoreTrackingFeedback::test_answer_review_section_present PASSED                                                                [ 56%]
test_quiz_webapp.py::TestScoreTrackingFeedback::test_explanations_appear_in_review PASSED                                                                [ 58%]
test_quiz_webapp.py::TestErrorHandling::test_empty_name_shows_error_message PASSED                                                                       [ 60%]
test_quiz_webapp.py::TestErrorHandling::test_whitespace_only_name_shows_error PASSED                                                                     [ 61%]
test_quiz_webapp.py::TestErrorHandling::test_submitting_without_selecting_answer_shows_error PASSED                                                      [ 63%]
test_quiz_webapp.py::TestErrorHandling::test_accessing_result_without_quiz_redirects PASSED                                                              [ 65%]
test_quiz_webapp.py::TestErrorHandling::test_accessing_quiz_without_session_redirects PASSED                                                             [ 67%]
test_quiz_webapp.py::TestPersistentUserIdentification::test_username_saved_in_session_on_first_visit PASSED                                              [ 69%]
test_quiz_webapp.py::TestPersistentUserIdentification::test_returning_user_sees_welcome_back_greeting PASSED                                             [ 70%]
test_quiz_webapp.py::TestPersistentUserIdentification::test_new_user_sees_name_entry_form PASSED                                                         [ 72%]
test_quiz_webapp.py::TestPersistentUserIdentification::test_returning_user_score_history_displayed PASSED                                                [ 74%]
test_quiz_webapp.py::TestPersistentUserIdentification::test_new_user_sees_no_history_message PASSED                                                      [ 76%]
test_quiz_webapp.py::TestPersistentUserIdentification::test_score_history_saved_with_correct_values PASSED                                               [ 78%]
test_quiz_webapp.py::TestPersistentUserIdentification::test_session_username_persists_across_multiple_requests PASSED                                    [ 80%]
test_quiz_webapp.py::TestPersistentUserIdentification::test_logout_removes_username_from_session PASSED                                                  [ 81%]
test_quiz_webapp.py::TestPersistentUserIdentification::test_name_form_shown_again_after_logout PASSED                                                    [ 83%]
test_quiz_webapp.py::TestProgressBar::test_progress_bar_element_present_on_quiz_page PASSED                                                              [ 85%]
test_quiz_webapp.py::TestProgressBar::test_progress_bar_starts_at_zero_percent PASSED                                                                    [ 87%]
test_quiz_webapp.py::TestProgressBar::test_progress_bar_on_feedback_page_after_first_answer PASSED                                                       [ 89%]
test_quiz_webapp.py::TestProgressBar::test_progress_bar_advances_after_answering_first_question PASSED                                                   [ 90%]
test_quiz_webapp.py::TestProgressBar::test_progress_bar_at_second_question PASSED                                                                        [ 92%]
test_quiz_webapp.py::TestProgressBar::test_progress_bar_at_66_percent_after_second_answer PASSED                                                         [ 94%]
test_quiz_webapp.py::TestProgressBar::test_progress_bar_reaches_100_percent_after_last_question PASSED                                                   [ 96%]
test_quiz_webapp.py::TestJSONFileIntegration::test_questions_json_is_valid_and_loadable PASSED                                                           [ 98%]
test_quiz_webapp.py::TestJSONFileIntegration::test_score_history_json_loads_gracefully_when_missing PASSED                                               [100%]

===================================================================== 55 passed in 1.48s ======================================================================
PS C:\Users\gojir\Documents\GitHub\ITM352_S26_repo\Assignment3> 